This is pdfTeX, Version 3.1415926-2.5-1.40.14 (MiKTeX 2.9) (preloaded format=pdflatex 2015.7.30)  15 OCT 2015 12:10
entering extended mode
**coursework*v1.tex
("U:\Computing\A2\COMP 4\Analysis\coursework v1.tex"
LaTeX2e <2011/06/27>
Babel <v3.8m> and hyphenation patterns for english, afrikaans, ancientgreek, ar
abic, armenian, assamese, basque, bengali, bokmal, bulgarian, catalan, coptic, 
croatian, czech, danish, dutch, esperanto, estonian, farsi, finnish, french, ga
lician, german, german-x-2013-05-26, greek, gujarati, hindi, hungarian, iceland
ic, indonesian, interlingua, irish, italian, kannada, kurmanji, latin, latvian,
 lithuanian, malayalam, marathi, mongolian, mongolianlmc, monogreek, ngerman, n
german-x-2013-05-26, nynorsk, oriya, panjabi, pinyin, polish, portuguese, roman
ian, russian, sanskrit, serbian, slovak, slovenian, spanish, swedish, swissgerm
an, tamil, telugu, turkish, turkmen, ukenglish, ukrainian, uppersorbian, usengl
ishmax, welsh, loaded.
("C:\Program Files (x86)\MiKTeX 2.9\tex\latex\base\article.cls"
Document Class: article 2007/10/19 v1.4h Standard LaTeX document class
("C:\Program Files (x86)\MiKTeX 2.9\tex\latex\base\size10.clo"
File: size10.clo 2007/10/19 v1.4h Standard LaTeX file (size option)
)
\c@part=\count79
\c@section=\count80
\c@subsection=\count81
\c@subsubsection=\count82
\c@paragraph=\count83
\c@subparagraph=\count84
\c@figure=\count85
\c@table=\count86
\abovecaptionskip=\skip41
\belowcaptionskip=\skip42
\bibindent=\dimen102
)
("C:\Program Files (x86)\MiKTeX 2.9\tex\latex\graphics\graphicx.sty"
Package: graphicx 1999/02/16 v1.0f Enhanced LaTeX Graphics (DPC,SPQR)

("C:\Program Files (x86)\MiKTeX 2.9\tex\latex\graphics\keyval.sty"
Package: keyval 1999/03/16 v1.13 key=value parser (DPC)
\KV@toks@=\toks14
)
("C:\Program Files (x86)\MiKTeX 2.9\tex\latex\graphics\graphics.sty"
Package: graphics 2009/02/05 v1.0o Standard LaTeX Graphics (DPC,SPQR)

("C:\Program Files (x86)\MiKTeX 2.9\tex\latex\graphics\trig.sty"
Package: trig 1999/03/16 v1.09 sin cos tan (DPC)
)
("C:\Program Files (x86)\MiKTeX 2.9\tex\latex\00miktex\graphics.cfg"
File: graphics.cfg 2007/01/18 v1.5 graphics configuration of teTeX/TeXLive
)
Package graphics Info: Driver file: pdftex.def on input line 91.

("C:\Program Files (x86)\MiKTeX 2.9\tex\latex\pdftex-def\pdftex.def"
File: pdftex.def 2011/05/27 v0.06d Graphics/color for pdfTeX

("C:\Program Files (x86)\MiKTeX 2.9\tex\generic\oberdiek\infwarerr.sty"
Package: infwarerr 2010/04/08 v1.3 Providing info/warning/error messages (HO)
)
("C:\Program Files (x86)\MiKTeX 2.9\tex\generic\oberdiek\ltxcmds.sty"
Package: ltxcmds 2011/11/09 v1.22 LaTeX kernel commands for general use (HO)
)
\Gread@gobject=\count87
))
\Gin@req@height=\dimen103
\Gin@req@width=\dimen104
)
(C:\Users\44327\AppData\Roaming\MiKTeX\2.9\tex\latex\python\python.sty
Package: python 2007/06/07 v0.21 Python in LaTeX
\@out=\write3
\@module=\write4
)
("U:\Computing\A2\COMP 4\Analysis\coursework v1.aux")
LaTeX Font Info:    Checking defaults for OML/cmm/m/it on input line 4.
LaTeX Font Info:    ... okay on input line 4.
LaTeX Font Info:    Checking defaults for T1/cmr/m/n on input line 4.
LaTeX Font Info:    ... okay on input line 4.
LaTeX Font Info:    Checking defaults for OT1/cmr/m/n on input line 4.
LaTeX Font Info:    ... okay on input line 4.
LaTeX Font Info:    Checking defaults for OMS/cmsy/m/n on input line 4.
LaTeX Font Info:    ... okay on input line 4.
LaTeX Font Info:    Checking defaults for OMX/cmex/m/n on input line 4.
LaTeX Font Info:    ... okay on input line 4.
LaTeX Font Info:    Checking defaults for U/cmr/m/n on input line 4.
LaTeX Font Info:    ... okay on input line 4.

(C:\Users\44327\AppData\Roaming\MiKTeX\2.9\tex\context\base\supp-pdf.mkii
[Loading MPS to PDF converter (version 2006.09.02).]
\scratchcounter=\count88
\scratchdimen=\dimen105
\scratchbox=\box26
\nofMPsegments=\count89
\nofMParguments=\count90
\everyMPshowfont=\toks15
\MPscratchCnt=\count91
\MPscratchDim=\dimen106
\MPnumerator=\count92
\makeMPintoPDFobject=\count93
\everyMPtoPDFconversion=\toks16
) [1

{C:/Users/44327/AppData/Local/MiKTeX/2.9/pdftex/config/pdftex.map}]
LaTeX Font Info:    External font `cmex10' loaded for size
(Font)              <7> on input line 58.
LaTeX Font Info:    External font `cmex10' loaded for size
(Font)              <5> on input line 58.

Underfull \hbox (badness 2027) in paragraph at lines 61--61
[]\OT1/cmr/m/n/10 John Hand-cock, 1 The
 []


Underfull \hbox (badness 5802) in paragraph at lines 61--61
\OT1/cmr/m/n/10 Road, Cam-bridge, cb4
 []

Missing character: There is no Â in font cmr10!
Missing character: There is no £ in font cmr10!
Missing character: There is no Â in font cmr10!
Missing character: There is no £ in font cmr10!

Overfull \hbox (69.95567pt too wide) in paragraph at lines 58--69
[][] 
 []

<invoices.png, id=7, 402.75468pt x 252.19218pt>
File: invoices.png Graphic file (type png)
 <use invoices.png>
Package pdftex.def Info: invoices.png used on input line 83.
(pdftex.def)             Requested size: 345.0pt x 216.02675pt.

<DeterminingWhatCarToWorkOn.PNG, id=9, 389.95688pt x 212.29312pt>
File: DeterminingWhatCarToWorkOn.PNG Graphic file (type png)

<use DeterminingWhatCarToWorkOn.PNG>
Package pdftex.def Info: DeterminingWhatCarToWorkOn.PNG used on input line 86.
(pdftex.def)             Requested size: 345.0pt x 187.82594pt.
 [2]
<BookingJobsIn.PNG, id=14, 398.23781pt x 216.05719pt>
File: BookingJobsIn.PNG Graphic file (type png)
 <use BookingJobsIn.PNG>
Package pdftex.def Info: BookingJobsIn.PNG used on input line 94.
(pdftex.def)             Requested size: 345.0pt x 187.18028pt.

Overfull \hbox (9.72113pt too wide) in paragraph at lines 93--95
[]\OT1/cmr/m/n/10 H [] 
 []

<image_1.jpeg, id=15, 2328.7pt x 1449.415pt>
File: image_1.jpeg Graphic file (type jpg)
 <use image_1.jpeg>
Package pdftex.def Info: image_1.jpeg used on input line 107.
(pdftex.def)             Requested size: 345.0pt x 214.72679pt.

<image_2.jpeg, id=16, 2364.835pt x 1417.295pt>
File: image_2.jpeg Graphic file (type jpg)
 <use image_2.jpeg>
Package pdftex.def Info: image_2.jpeg used on input line 110.
(pdftex.def)             Requested size: 345.0pt x 206.74602pt.
 [3]
<image_3.jpeg, id=20, 1373.13pt x 2461.195pt>
File: image_3.jpeg Graphic file (type jpg)
 <use image_3.jpeg>
Package pdftex.def Info: image_3.jpeg used on input line 120.
(pdftex.def)             Requested size: 345.0pt x 618.37674pt.


LaTeX Warning: Float too large for page by 92.32118pt on input line 123.

<image_5.jpeg, id=21, 1622.06pt x 2461.195pt>
File: image_5.jpeg Graphic file (type jpg)
 <use image_5.jpeg>
Package pdftex.def Info: image_5.jpeg used on input line 132.
(pdftex.def)             Requested size: 345.0pt x 523.47586pt.


LaTeX Warning: Float too large for page by 7.47586pt on input line 136.

[4] [5] [6 <U:/Computing/A2/COMP 4/Analysis/invoices.png> <U:/Computing/A2/COMP
 4/Analysis/DeterminingWhatCarToWorkOn.PNG>] [7 <U:/Computing/A2/COMP 4/Analysi
s/BookingJobsIn.PNG>] [8 <U:/Computing/A2/COMP 4/Analysis/image_1.jpeg> <U:/Com
puting/A2/COMP 4/Analysis/image_2.jpeg>] [9 <U:/Computing/A2/COMP 4/Analysis/im
age_3.jpeg>] [10 <U:/Computing/A2/COMP 4/Analysis/image_5.jpeg>]
("U:\Computing\A2\COMP 4\Analysis\coursework v1.aux") ) 
Here is how much of TeX's memory you used:
 1163 strings out of 493921
 15780 string characters out of 3144924
 68174 words of memory out of 3000000
 4493 multiletter control sequences out of 15000+200000
 5158 words of font info for 19 fonts, out of 3000000 for 9000
 841 hyphenation exceptions out of 8191
 27i,8n,19p,438b,219s stack positions out of 5000i,500n,10000p,200000b,50000s
<C:/Program Files (x86)/
MiKTeX 2.9/fonts/type1/public/amsfonts/cm/cmbx10.pfb><C:/Program Files (x86)/Mi
KTeX 2.9/fonts/type1/public/amsfonts/cm/cmbx12.pfb><C:/Program Files (x86)/MiKT
eX 2.9/fonts/type1/public/amsfonts/cm/cmr10.pfb>
Output written on "coursework v1.pdf" (10 pages, 2874096 bytes).
PDF statistics:
 58 PDF objects out of 1000 (max. 8388607)
 0 named destinations out of 1000 (max. 500000)
 36 words of extra memory for PDF output out of 10000 (max. 10000000)

